2015-06-19 22:33:49,475-URLError-unknown url type: javascript-javascript:;
2015-06-19 22:33:53,146-HTTPError-400-http://www.ifeng.com/  http://culture.ifeng.com/insight/special/zhangchonghe/#_www_dt2
2015-06-19 22:33:53,257-HTTPError-400-http://www.ifeng.com/  http://news.ifeng.com/history/zhongguoxiandaishi/special/dhtjm/#_www_dt2
2015-06-19 22:33:53,365-HTTPError-400-http://www.ifeng.com/ http://culture.ifeng.com/insight/special/zhangchonghe/#_www_dt2
2015-06-19 22:33:53,398-HTTPError-400-http://www.ifeng.com/ http://news.ifeng.com/history/zhongguoxiandaishi/special/dhtjm/#_www_dt2
2015-06-19 22:33:53,936-HTTPError-400-http://www.ifeng.com/     http://ent.ifeng.com/a/20150619/42436539_0.shtml
 
2015-06-19 22:33:54,019-HTTPError-400-http://www.ifeng.com/ http://fashion.ifeng.com/a/20150619/40114548_0.shtml

2015-06-19 22:33:54,046-HTTPError-400-http://www.ifeng.com/  http://ent.ifeng.com/a/20150619/42436539_0.shtml
 
2015-06-19 22:33:54,248-URLError-no host given-http://www.ifeng.com/
http://finance.ifeng.com/a/20150619/13787767_0.shtml
2015-06-19 22:33:54,324-URLError-no host given-http://www.ifeng.com/
http://news.ifeng.com/a/20150615/43979442_0.shtml
2015-06-19 22:33:54,628-URLError-no host given-http://www.ifeng.com/
http://ent.ifeng.com/a/20150619/42435749_0.shtml

2015-06-19 22:33:54,630-URLError-no host given-http://www.ifeng.com/
http://ent.ifeng.com/a/20150619/42435943_0.shtml

2015-06-19 22:33:54,632-URLError-no host given-http://www.ifeng.com/
http://ent.ifeng.com/a/20150619/42435893_0.shtml

2015-06-19 22:33:54,636-URLError-no host given-http://www.ifeng.com/
http://ent.ifeng.com/a/20150619/42435876_0.shtml

2015-06-19 22:33:54,847-HTTPError-400-http://www.ifeng.com/ http://ent.ifeng.com/a/20150619/42436230_0.shtml

2015-06-19 22:33:54,854-HTTPError-400-http://www.ifeng.com/ http://ent.ifeng.com/a/20150618/42435584_0.shtml

2015-06-19 22:33:55,301-HTTPError-404-http://cq.house.ifeng.com/detail/2015_06_19/50438710_0.shtmll
2015-06-19 22:33:55,317-URLError-no host given-http://www.ifeng.com/
http://home.ifeng.com/zixun/chaoliu/qita/detail_2015_06/19/4025467_0.shtml
2015-06-19 22:33:55,318-URLError-no host given-http://www.ifeng.com/
http://culture.ifeng.com/a/20150619/44008839_0.shtml
2015-06-19 22:33:55,382-URLError-unknown url type: gz.http-gz.http://house.ifeng.com/sale/search/_/_/_/13_0_0_0_0_0_0_0_0_0_0_0_0_0.shtml
2015-06-19 22:33:55,709-URLError-no host given-http://www.ifeng.com/
http://fashion.ifeng.com/emotion/
2015-06-19 22:33:55,743-URLError-no host given-http://www.ifeng.com/



http://city.ifeng.com/a/20150619/421380_0.shtml
2015-06-19 22:33:55,744-URLError-no host given-http://www.ifeng.com/





http://city.ifeng.com/a/20150619/421389_0.shtml
2015-06-19 22:33:55,745-URLError-no host given-http://www.ifeng.com/










http://city.ifeng.com/a/20150619/421378_0.shtml
2015-06-19 22:33:55,745-URLError-no host given-http://www.ifeng.com/




http://city.ifeng.com/a/20150619/421382_0.shtml
2015-06-19 22:33:55,748-URLError-no host given-http://www.ifeng.com/


http://city.ifeng.com/special/bjbqtz/index.shtml
2015-06-19 22:33:55,749-URLError-no host given-http://www.ifeng.com/







http://city.ifeng.com/pic/dujia/detail_2015_06/19/41070354_0.shtml#p=1
2015-06-19 22:33:55,757-HTTPError-400-http://www.ifeng.com/ http://fashion.ifeng.com/a/20150619/40114605_0.shtml
2015-06-19 22:33:55,762-HTTPError-400-http://www.ifeng.com/  http://fashion.ifeng.com/a/20150619/40114580_0.shtml 
2015-06-19 22:33:55,798-HTTPError-400-http://www.ifeng.com/   http://fashion.ifeng.com/a/20150619/40114542_0.shtml

2015-06-19 22:33:55,828-HTTPError-400-http://www.ifeng.com/ http://fashion.ifeng.com/a/20150619/40114544_0.shtml

2015-06-19 22:33:55,855-HTTPError-400-http://www.ifeng.com/ http://fashion.ifeng.com/a/20150619/40114599_0.shtml

2015-06-19 22:33:55,862-HTTPError-400-http://www.ifeng.com/  http://fashion.ifeng.com/a/20150619/40114538_0.shtml

2015-06-19 22:33:55,871-HTTPError-400-http://www.ifeng.com/ http://fashion.ifeng.com/a/20150619/40114543_0.shtml

2015-06-19 22:33:56,077-HTTPError-400-http://www.ifeng.com/  http://fashion.ifeng.com/a/20150619/40114553_0.shtml

2015-06-19 22:33:56,254-URLError-no host given-http://v.ifeng.com/documentary/figure/201007/ed102a76-7202-40d1-bbfe-6604623637a1.shtml
#_v_www9
2015-06-19 22:33:56,259-URLError-no host given-http://v.ifeng.com/documentary/society/201210/657d246f-4a88-4ea7-a551-b97d3135692c.shtml
#_v_www9
2015-06-19 22:33:56,408-HTTPError-404-http://bbs.ifeng.com/photo.php
2015-06-19 22:33:57,203-HTTPError-404-http://bbs.ifeng.com/
2015-06-19 22:36:03,213-URLError-[Errno 110] Connection timed out-http://vip.itv.ifeng.com/EShop/index.html
2015-06-19 22:36:03,214-Total Time:135.251643896
