2015-07-12 22:23:38,149-HTTPError-403-http://www.bj.cyberpolice.cn/index.htm
2015-07-12 22:24:11,421-HTTPError-404-http://show.baidu.com/95637648?pst=musicsug
2015-07-12 22:24:11,440-HTTPError-404-http://show.baidu.com/93585599?pst=musicsug
2015-07-12 22:24:11,449-HTTPError-404-http://show.baidu.com/92463748?pst=musicsug
2015-07-12 22:24:11,492-HTTPError-404-http://show.baidu.com/6901008?pst=musicsug
2015-07-12 22:24:11,535-HTTPError-404-http://show.baidu.com/93456218?pst=musicsug
2015-07-12 22:24:18,602-HTTPError-404-http://show.baidu.com/91910799?pst=musicsug
2015-07-12 22:24:38,006-HTTPError-503-http://www.wasu.cn/
2015-07-12 22:24:44,282-HTTPError-403-http://column.chinadaily.com.cn/
2015-07-12 22:25:36,885-URLError-[Errno 110] Connection timed out-http://news.baidu.com/f?kw=%D5%C5%C6%F0%C1%E9
2015-07-12 22:25:36,886-URLError-[Errno 110] Connection timed out-http://news.baidu.com/f?kw=%C5%B0%D0%C4%D0%A1%CB%B5
2015-07-12 22:25:36,886-URLError-[Errno 110] Connection timed out-http://news.baidu.com/f?kw=%B5%C1%C4%B9%B1%CA%BC%C7
2015-07-12 22:25:36,886-URLError-[Errno 110] Connection timed out-http://news.baidu.com/f?kw=%C6%BF%D0%B0
2015-07-12 22:25:36,886-URLError-[Errno 110] Connection timed out-http://news.baidu.com/f?kw=%BA%DA%BB%A8
2015-07-12 22:25:36,886-URLError-[Errno 110] Connection timed out-http://news.baidu.com/f?kw=yy%D0%A1%CB%B5
2015-07-12 22:25:36,886-URLError-[Errno 110] Connection timed out-http://news.baidu.com/f?kw=%BA%AE%CE%E4%BC%CD%C4%EA
2015-07-12 22:25:36,894-URLError-[Errno 110] Connection timed out-http://news.baidu.com/f?kw=%CE%E2%D0%B0
2015-07-12 22:25:36,894-URLError-[Errno 110] Connection timed out-http://news.baidu.com/f?kw=%D0%B4%D2%E2%CC%EC%CF%C2
2015-07-12 22:25:36,894-URLError-[Errno 110] Connection timed out-http://news.baidu.com/f?kw=%B3%E8%CE%C4
2015-07-12 22:25:36,902-URLError-[Errno 110] Connection timed out-http://news.baidu.com/f?kw=%CF%B2%C0%D6%BD%D6
2015-07-12 22:25:37,574-URLError-[Errno 110] Connection timed out-http://news.baidu.com/f?kw=%C3%E7%D2%BD%C9%FA
2015-07-12 22:25:37,822-URLError-[Errno 110] Connection timed out-http://news.baidu.com/f?kw=%BD%F0%BC%AA%C1%D0%C1%F4%D1%A7
2015-07-12 22:25:37,950-URLError-[Errno 110] Connection timed out-http://news.baidu.com/f?kw=%C0%C1%B2%C6%CD%F8
2015-07-12 22:25:39,102-URLError-[Errno 110] Connection timed out-http://news.baidu.com/f?kw=%C3%C0%C1%AA%D3%A2%D3%EF
2015-07-12 22:25:39,230-URLError-[Errno 110] Connection timed out-http://news.baidu.com/f?kw=%B6%FE%B4%CE%D4%AA%BD%E7
2015-07-12 22:25:39,486-URLError-[Errno 110] Connection timed out-http://news.baidu.com/f?kw=%CE%A8%D2%BB%CA%D3%BE%F5
2015-07-12 22:25:39,742-URLError-[Errno 110] Connection timed out-http://news.baidu.com/f?kw=%B4%B4%CE%AC
2015-07-12 22:25:40,766-URLError-[Errno 110] Connection timed out-http://news.baidu.com/f?kw=%C3%C0%C5%AE
2015-07-12 22:25:41,150-URLError-[Errno 110] Connection timed out-http://news.baidu.com/f?kw=%C0%EE%D2%E3
2015-07-12 22:25:42,176-URLError-[Errno 110] Connection timed out-http://news.baidu.com/f?kw=%B4%F8%C9%CF%CF%E0%BB%FA%C8%A5%C2%C3%D0%D0
2015-07-12 22:25:42,814-URLError-[Errno 110] Connection timed out-http://news.baidu.com/f?kw=%C2%CC%C3%B1%D7%D3%D0%A1%CD%AC%D1%A7
2015-07-12 22:25:43,072-URLError-[Errno 110] Connection timed out-http://news.baidu.com/f?kw=%CE%B4%BD%E2%D6%AE%C3%D5
2015-07-12 22:25:45,118-URLError-[Errno 110] Connection timed out-http://news.baidu.com/f?kw=%C3%E7%D2%BD%C9%FA&fr=index
2015-07-12 22:25:45,118-URLError-[Errno 110] Connection timed out-http://news.baidu.com/f?kw=%C5%AA%BF%CD&fr=index
2015-07-12 22:25:45,118-URLError-[Errno 110] Connection timed out-http://news.baidu.com/f?kw=%BD%A1%BF%B5%D6%AE%BC%D2&fr=index
2015-07-12 22:25:45,119-URLError-[Errno 110] Connection timed out-http://news.baidu.com/f?kw=%C3%C0%C1%AA%D3%A2%D3%EF&fr=index
2015-07-12 22:25:45,128-URLError-[Errno 110] Connection timed out-http://news.baidu.com/f?kw=%CE%A8%D2%BB%CA%D3%BE%F5&fr=index
