2015-07-12 22:22:39,074-HTTPError-504-http://news.haiwainet.cn/n/2015/0712/c3541083-28925297.html
2015-07-12 22:26:48,198-HTTPError-403-http://www.bj.cyberpolice.cn/index.htm
2015-07-12 22:27:31,231-URLError-[Errno 110] Connection timed out-http://news.baidu.com/f?kw=%C3%C0%C5%AE
2015-07-12 22:27:32,255-URLError-[Errno 110] Connection timed out-http://news.baidu.com/f?kw=%CF%B2%C0%D6%BD%D6
2015-07-12 22:27:35,071-URLError-[Errno 110] Connection timed out-http://news.baidu.com/f?kw=%C6%BF%D0%B0
2015-07-12 22:27:35,072-URLError-[Errno 110] Connection timed out-http://news.baidu.com/f?kw=%BA%AE%CE%E4%BC%CD%C4%EA
2015-07-12 22:27:35,457-URLError-[Errno 110] Connection timed out-http://news.baidu.com/f?kw=%B3%E8%CE%C4
2015-07-12 22:27:35,711-URLError-[Errno 110] Connection timed out-http://news.baidu.com/f?kw=%D5%C5%C6%F0%C1%E9
2015-07-12 22:27:36,991-URLError-[Errno 110] Connection timed out-http://news.baidu.com/f?kw=%BA%DA%BB%A8
2015-07-12 22:27:37,763-URLError-[Errno 110] Connection timed out-http://news.baidu.com/f?kw=%C5%B0%D0%C4%D0%A1%CB%B5
2015-07-12 22:27:38,149-URLError-[Errno 110] Connection timed out-http://news.baidu.com/f?kw=%D0%B4%D2%E2%CC%EC%CF%C2
2015-07-12 22:27:39,039-URLError-[Errno 110] Connection timed out-http://news.baidu.com/f?kw=%B5%C1%C4%B9%B1%CA%BC%C7
2015-07-12 22:27:39,807-URLError-[Errno 110] Connection timed out-http://news.baidu.com/f?kw=%CE%E2%D0%B0
2015-07-12 22:27:41,087-URLError-[Errno 110] Connection timed out-http://news.baidu.com/f?kw=yy%D0%A1%CB%B5
2015-07-12 22:27:51,071-URLError-[Errno 110] Connection timed out-http://news.baidu.com/f?kw=%C3%E7%D2%BD%C9%FA
2015-07-12 22:27:52,991-URLError-[Errno 110] Connection timed out-http://news.baidu.com/f?kw=%BD%F0%BC%AA%C1%D0%C1%F4%D1%A7
2015-07-12 22:27:53,631-URLError-[Errno 110] Connection timed out-http://news.baidu.com/f?kw=%C0%C1%B2%C6%CD%F8
2015-07-12 22:27:54,144-URLError-[Errno 110] Connection timed out-http://news.baidu.com/f?kw=%C3%C0%C1%AA%D3%A2%D3%EF
2015-07-12 22:27:57,727-URLError-[Errno 110] Connection timed out-http://news.baidu.com/f?kw=%B6%FE%B4%CE%D4%AA%BD%E7
2015-07-12 22:27:59,392-URLError-[Errno 110] Connection timed out-http://news.baidu.com/f?kw=%CE%A8%D2%BB%CA%D3%BE%F5
2015-07-12 22:28:01,952-URLError-[Errno 110] Connection timed out-http://news.baidu.com/f?kw=%B4%B4%CE%AC
2015-07-12 22:28:07,269-URLError-[Errno 110] Connection timed out-http://news.baidu.com/f?kw=%C0%EE%D2%E3
2015-07-12 22:28:22,303-URLError-[Errno 110] Connection timed out-http://news.baidu.com/f?kw=%B4%F8%C9%CF%CF%E0%BB%FA%C8%A5%C2%C3%D0%D0
2015-07-12 22:28:26,527-URLError-[Errno 110] Connection timed out-http://news.baidu.com/f?kw=%C2%CC%C3%B1%D7%D3%D0%A1%CD%AC%D1%A7
2015-07-12 22:28:31,647-URLError-[Errno 110] Connection timed out-http://news.baidu.com/f?kw=%CE%B4%BD%E2%D6%AE%C3%D5
2015-07-12 22:28:50,719-URLError-[Errno 110] Connection timed out-http://news.baidu.com/f?kw=%C3%C0%C1%AA%D3%A2%D3%EF&fr=index
2015-07-12 22:28:50,848-URLError-[Errno 110] Connection timed out-http://news.baidu.com/f?kw=%BD%A1%BF%B5%D6%AE%BC%D2&fr=index
2015-07-12 22:28:50,848-URLError-[Errno 110] Connection timed out-http://news.baidu.com/f?kw=%CE%A8%D2%BB%CA%D3%BE%F5&fr=index
2015-07-12 22:28:50,975-URLError-[Errno 110] Connection timed out-http://news.baidu.com/f?kw=%C5%AA%BF%CD&fr=index
2015-07-12 22:28:51,615-URLError-[Errno 110] Connection timed out-http://news.baidu.com/f?kw=%C3%E7%D2%BD%C9%FA&fr=index
2015-07-12 22:29:20,375-HTTPError-404-http://show.baidu.com/95637648?pst=musicsug
2015-07-12 22:29:20,430-HTTPError-404-http://show.baidu.com/93585599?pst=musicsug
2015-07-12 22:29:20,674-HTTPError-404-http://show.baidu.com/92463748?pst=musicsug
2015-07-12 22:29:20,759-HTTPError-404-http://show.baidu.com/6901008?pst=musicsug
2015-07-12 22:29:20,820-HTTPError-404-http://show.baidu.com/91910799?pst=musicsug
2015-07-12 22:29:20,835-HTTPError-404-http://show.baidu.com/93456218?pst=musicsug
2015-07-12 22:31:22,912-HTTPError-503-http://www.wasu.cn/
