2015-07-12 22:38:58,336-HTTPError-403-http://www.bj.cyberpolice.cn/index.htm
2015-07-12 22:39:42,751-URLError-[Errno 110] Connection timed out-http://news.baidu.com/f?kw=%C3%C0%C5%AE
2015-07-12 22:39:43,264-URLError-[Errno 110] Connection timed out-http://news.baidu.com/f?kw=%CF%B2%C0%D6%BD%D6
2015-07-12 22:39:43,647-URLError-[Errno 110] Connection timed out-http://news.baidu.com/f?kw=%BA%AE%CE%E4%BC%CD%C4%EA
2015-07-12 22:39:44,031-URLError-[Errno 110] Connection timed out-http://news.baidu.com/f?kw=%C6%BF%D0%B0
2015-07-12 22:39:44,671-URLError-[Errno 110] Connection timed out-http://news.baidu.com/f?kw=%B3%E8%CE%C4
2015-07-12 22:39:45,056-URLError-[Errno 110] Connection timed out-http://news.baidu.com/f?kw=%D5%C5%C6%F0%C1%E9
2015-07-12 22:39:46,079-URLError-[Errno 110] Connection timed out-http://news.baidu.com/f?kw=%BA%DA%BB%A8
2015-07-12 22:39:47,872-URLError-[Errno 110] Connection timed out-http://news.baidu.com/f?kw=%C5%B0%D0%C4%D0%A1%CB%B5
2015-07-12 22:39:47,872-URLError-[Errno 110] Connection timed out-http://news.baidu.com/f?kw=%D0%B4%D2%E2%CC%EC%CF%C2
2015-07-12 22:39:50,034-URLError-[Errno 110] Connection timed out-http://news.baidu.com/f?kw=%B5%C1%C4%B9%B1%CA%BC%C7
2015-07-12 22:39:51,711-URLError-[Errno 110] Connection timed out-http://news.baidu.com/f?kw=%CE%E2%D0%B0
2015-07-12 22:39:52,224-URLError-[Errno 110] Connection timed out-http://news.baidu.com/f?kw=yy%D0%A1%CB%B5
2015-07-12 22:39:59,775-URLError-[Errno 110] Connection timed out-http://news.baidu.com/f?kw=%C3%E7%D2%BD%C9%FA
2015-07-12 22:40:00,928-URLError-[Errno 110] Connection timed out-http://news.baidu.com/f?kw=%BD%F0%BC%AA%C1%D0%C1%F4%D1%A7
2015-07-12 22:40:01,696-URLError-[Errno 110] Connection timed out-http://news.baidu.com/f?kw=%C0%C1%B2%C6%CD%F8
2015-07-12 22:40:04,511-URLError-[Errno 110] Connection timed out-http://news.baidu.com/f?kw=%C3%C0%C1%AA%D3%A2%D3%EF
2015-07-12 22:40:06,303-URLError-[Errno 110] Connection timed out-http://news.baidu.com/f?kw=%B6%FE%B4%CE%D4%AA%BD%E7
2015-07-12 22:40:08,095-URLError-[Errno 110] Connection timed out-http://news.baidu.com/f?kw=%CE%A8%D2%BB%CA%D3%BE%F5
2015-07-12 22:40:12,319-URLError-[Errno 110] Connection timed out-http://news.baidu.com/f?kw=%B4%B4%CE%AC
2015-07-12 22:40:17,212-URLError-[Errno 110] Connection timed out-http://news.baidu.com/f?kw=%C0%EE%D2%E3
2015-07-12 22:40:30,879-URLError-[Errno 110] Connection timed out-http://news.baidu.com/f?kw=%B4%F8%C9%CF%CF%E0%BB%FA%C8%A5%C2%C3%D0%D0
